<?xml version="1.0" encoding="UTF-8"?>
<testsuite xmlns:xsi="http://www.w3.org/2001/XMLSchema-instance" xsi:noNamespaceSchemaLocation="https://maven.apache.org/surefire/maven-surefire-plugin/xsd/surefire-test-report-3.0.xsd" version="3.0" name="nguyenducmanh.Test8" time="0.018" tests="5" errors="0" skipped="0" failures="0">
  <properties>
[...]
</properties>
  <testcase name="testSumOfDigits(long, int)[1]" classname="nguyenducmanh.Test8" time="0.007"/>
  <testcase name="testSumOfDigits(long, int)[2]" classname="nguyenducmanh.Test8" time="0"/>
  <testcase name="testSumOfDigits(long, int)[3]" classname="nguyenducmanh.Test8" time="0.001"/>
  <testcase name="testSumOfDigits(long, int)[4]" classname="nguyenducmanh.Test8" time="0"/>
  <testcase name="testSumOfDigits(long, int)[5]" classname="nguyenducmanh.Test8" time="0.001"/>
</testsuite>